2020/04/29 18:21:07 Logging to a file in Go!
2020/04/29 18:21:45 Logging to a file in Go!
2020/04/29 18:21:47 the key was hit ... 
2020/04/29 18:21:47 the key was hit ... 
2020/04/29 18:21:54 the key was hit ... 
2020/04/29 18:37:55 Logging to a file in Go!
2020/04/29 18:37:57 the key was hit ... 
2020/04/29 18:40:28 Logging to a file in Go!
2020/04/29 18:40:30 the key was hit ... 
2020/04/29 18:40:53 Logging to a file in Go!
2020/04/29 18:40:54 the key was hit ... 
2020/04/29 18:42:42 Logging to a file in Go!
2020/04/29 18:42:43 the key was hit ... 
2020/04/29 18:45:35 Logging to a file in Go!
2020/04/29 18:45:36 the key was hit ... 
2020/04/29 18:49:15 Logging to a file in Go!
2020/04/29 18:49:17 the key was hit ... 
2020/04/29 18:56:37 Logging to a file in Go!
2020/04/29 18:57:35 Logging to a file in Go!
2020/04/29 18:57:38 Logging to a file in Go!
2020/04/29 19:05:11 Logging to a file in Go!
2020/04/29 19:05:11 percent:24.007387 > currentPercentage:%!f(int=24) = false
2020/04/29 19:05:12 percent:23.998993 > currentPercentage:%!f(int=24) = false
2020/04/29 19:05:13 percent:23.990599 > currentPercentage:%!f(int=24) = false
2020/04/29 19:05:13 percent:23.982204 > currentPercentage:%!f(int=24) = false
2020/04/29 19:05:13 percent:23.973810 > currentPercentage:%!f(int=24) = false
2020/04/29 19:05:44 Logging to a file in Go!
2020/04/29 19:05:44 percent:24.007387 > currentPercentage:24 = false
2020/04/29 19:05:48 percent:23.998993 > currentPercentage:24 = false
2020/04/29 19:05:49 percent:23.990599 > currentPercentage:24 = false
2020/04/29 19:05:52 percent:23.982204 > currentPercentage:24 = false
2020/04/29 19:05:53 percent:23.990599 > currentPercentage:24 = false
2020/04/29 19:05:54 percent:23.998993 > currentPercentage:24 = false
2020/04/29 19:05:56 percent:24.007387 > currentPercentage:24 = false
2020/04/29 19:06:05 percent:24.015781 > currentPercentage:24 = false
2020/04/29 19:06:06 percent:24.024175 > currentPercentage:24 = false
2020/04/29 19:06:06 percent:24.032569 > currentPercentage:24 = false
2020/04/29 19:06:07 percent:24.040964 > currentPercentage:24 = false
2020/04/29 19:06:08 percent:24.049358 > currentPercentage:24 = false
2020/04/29 19:06:08 percent:24.057752 > currentPercentage:24 = false
2020/04/29 19:06:08 percent:24.066146 > currentPercentage:24 = false
2020/04/29 19:06:15 percent:24.074540 > currentPercentage:24 = false
2020/04/29 19:06:15 percent:24.082935 > currentPercentage:24 = false
2020/04/29 19:06:15 percent:24.091329 > currentPercentage:24 = false
2020/04/29 19:06:15 percent:24.099723 > currentPercentage:24 = false
2020/04/29 19:06:15 percent:24.108117 > currentPercentage:24 = false
2020/04/29 19:06:15 percent:24.116511 > currentPercentage:24 = false
2020/04/29 19:06:15 percent:24.124906 > currentPercentage:24 = false
2020/04/29 19:06:15 percent:24.133300 > currentPercentage:24 = false
2020/04/29 19:06:15 percent:24.141694 > currentPercentage:24 = false
2020/04/29 19:06:15 percent:24.150088 > currentPercentage:24 = false
2020/04/29 19:06:15 percent:24.158482 > currentPercentage:24 = false
2020/04/29 19:06:16 percent:24.166877 > currentPercentage:24 = false
2020/04/29 19:06:16 percent:24.175271 > currentPercentage:24 = false
2020/04/29 19:06:16 percent:24.183665 > currentPercentage:24 = false
2020/04/29 19:06:16 percent:24.192059 > currentPercentage:24 = false
2020/04/29 19:06:16 percent:24.200453 > currentPercentage:24 = false
2020/04/29 19:06:16 percent:24.208847 > currentPercentage:24 = false
2020/04/29 19:06:16 percent:24.217242 > currentPercentage:24 = false
2020/04/29 19:06:16 percent:24.225636 > currentPercentage:24 = false
2020/04/29 19:06:16 percent:24.234030 > currentPercentage:24 = false
2020/04/29 19:06:16 percent:24.242424 > currentPercentage:24 = false
2020/04/29 19:06:16 percent:24.250818 > currentPercentage:24 = false
2020/04/29 19:06:16 percent:24.259213 > currentPercentage:24 = false
2020/04/29 19:06:16 percent:24.267607 > currentPercentage:24 = false
2020/04/29 19:06:16 percent:24.276001 > currentPercentage:24 = false
2020/04/29 19:06:16 percent:24.284395 > currentPercentage:24 = false
2020/04/29 19:06:18 percent:24.292789 > currentPercentage:24 = false
2020/04/29 19:06:18 percent:24.301184 > currentPercentage:24 = false
2020/04/29 19:06:18 percent:24.309578 > currentPercentage:24 = false
2020/04/29 19:06:18 percent:24.317972 > currentPercentage:24 = false
2020/04/29 19:06:18 percent:24.326366 > currentPercentage:24 = false
2020/04/29 19:06:18 percent:24.334760 > currentPercentage:24 = false
2020/04/29 19:06:18 percent:24.343155 > currentPercentage:24 = false
2020/04/29 19:06:19 percent:24.351549 > currentPercentage:24 = false
2020/04/29 19:06:19 percent:24.359943 > currentPercentage:24 = false
2020/04/29 19:06:19 percent:24.368337 > currentPercentage:24 = false
2020/04/29 19:06:19 percent:24.376731 > currentPercentage:24 = false
2020/04/29 19:06:20 percent:24.385125 > currentPercentage:24 = false
2020/04/29 19:06:21 percent:24.393520 > currentPercentage:24 = false
2020/04/29 19:06:22 percent:24.401914 > currentPercentage:24 = false
2020/04/29 19:06:23 percent:24.410308 > currentPercentage:24 = false
2020/04/29 19:06:24 percent:24.418702 > currentPercentage:24 = false
2020/04/29 19:06:25 percent:24.427096 > currentPercentage:24 = false
2020/04/29 19:06:25 percent:24.435491 > currentPercentage:24 = false
2020/04/29 19:06:26 percent:24.443885 > currentPercentage:24 = false
2020/04/29 19:06:26 percent:24.452279 > currentPercentage:24 = false
2020/04/29 19:06:26 percent:24.460673 > currentPercentage:24 = false
2020/04/29 19:06:26 percent:24.469067 > currentPercentage:24 = false
2020/04/29 19:06:26 percent:24.477462 > currentPercentage:24 = false
2020/04/29 19:06:26 percent:24.485856 > currentPercentage:24 = false
2020/04/29 19:06:26 percent:24.494250 > currentPercentage:24 = false
2020/04/29 19:06:26 percent:24.502644 > currentPercentage:24 = false
2020/04/29 19:06:26 percent:24.511038 > currentPercentage:24 = false
2020/04/29 19:06:26 percent:24.519433 > currentPercentage:24 = false
2020/04/29 19:06:26 percent:24.527827 > currentPercentage:24 = false
2020/04/29 19:06:26 percent:24.536221 > currentPercentage:24 = false
2020/04/29 19:06:26 percent:24.544615 > currentPercentage:24 = false
2020/04/29 19:06:26 percent:24.553009 > currentPercentage:24 = false
2020/04/29 19:06:26 percent:24.561404 > currentPercentage:24 = false
2020/04/29 19:06:26 percent:24.569798 > currentPercentage:24 = false
2020/04/29 19:06:26 percent:24.578192 > currentPercentage:24 = false
2020/04/29 19:06:29 percent:24.586586 > currentPercentage:24 = false
2020/04/29 19:06:29 percent:24.594980 > currentPercentage:24 = false
2020/04/29 19:06:29 percent:24.603374 > currentPercentage:24 = false
2020/04/29 19:06:29 percent:24.611769 > currentPercentage:24 = false
2020/04/29 19:06:29 percent:24.620163 > currentPercentage:24 = false
2020/04/29 19:06:29 percent:24.628557 > currentPercentage:24 = false
2020/04/29 19:06:29 percent:24.636951 > currentPercentage:24 = false
2020/04/29 19:06:29 percent:24.645345 > currentPercentage:24 = false
2020/04/29 19:06:31 percent:24.653740 > currentPercentage:24 = false
2020/04/29 19:06:31 percent:24.662134 > currentPercentage:24 = false
2020/04/29 19:06:31 percent:24.670528 > currentPercentage:24 = false
2020/04/29 19:06:31 percent:24.678922 > currentPercentage:24 = false
2020/04/29 19:06:31 percent:24.687316 > currentPercentage:24 = false
2020/04/29 19:06:31 percent:24.695711 > currentPercentage:24 = false
2020/04/29 19:06:31 percent:24.704105 > currentPercentage:24 = false
2020/04/29 19:06:31 percent:24.712499 > currentPercentage:24 = false
2020/04/29 19:06:31 percent:24.720893 > currentPercentage:24 = false
2020/04/29 19:06:31 percent:24.729287 > currentPercentage:24 = false
2020/04/29 19:06:33 percent:24.737682 > currentPercentage:24 = false
2020/04/29 19:06:42 percent:24.746076 > currentPercentage:24 = false
2020/04/29 19:06:43 percent:24.754470 > currentPercentage:24 = false
2020/04/29 19:06:43 percent:24.762864 > currentPercentage:24 = false
2020/04/29 19:06:43 percent:24.771258 > currentPercentage:24 = false
2020/04/29 19:06:43 percent:24.779652 > currentPercentage:24 = false
2020/04/29 19:06:44 percent:24.788047 > currentPercentage:24 = false
2020/04/29 19:06:45 percent:24.796441 > currentPercentage:24 = false
2020/04/29 19:06:45 percent:24.804835 > currentPercentage:24 = false
2020/04/29 19:06:46 percent:24.813229 > currentPercentage:24 = false
2020/04/29 19:06:47 percent:24.821623 > currentPercentage:24 = false
2020/04/29 19:06:48 percent:24.830018 > currentPercentage:24 = false
2020/04/29 19:06:49 percent:24.838412 > currentPercentage:24 = false
2020/04/29 19:06:49 percent:24.846806 > currentPercentage:24 = false
2020/04/29 19:06:50 percent:24.855200 > currentPercentage:24 = false
2020/04/29 19:06:51 percent:24.863594 > currentPercentage:24 = false
2020/04/29 19:06:52 percent:24.871989 > currentPercentage:24 = false
2020/04/29 19:06:53 percent:24.880383 > currentPercentage:24 = false
2020/04/29 19:06:53 percent:24.888777 > currentPercentage:24 = false
2020/04/29 19:06:54 percent:24.897171 > currentPercentage:24 = false
2020/04/29 19:06:55 percent:24.905565 > currentPercentage:24 = false
2020/04/29 19:06:55 percent:24.913960 > currentPercentage:24 = false
2020/04/29 19:06:56 percent:24.922354 > currentPercentage:24 = false
2020/04/29 19:06:57 percent:24.930748 > currentPercentage:24 = false
2020/04/29 19:07:10 percent:24.939142 > currentPercentage:24 = false
2020/04/29 19:07:22 percent:24.947536 > currentPercentage:24 = false
2020/04/29 19:07:24 percent:24.955930 > currentPercentage:24 = false
2020/04/29 19:07:25 percent:24.964325 > currentPercentage:24 = false
2020/04/29 19:07:26 percent:24.972719 > currentPercentage:24 = false
2020/04/29 19:07:27 percent:24.981113 > currentPercentage:24 = false
2020/04/29 19:07:28 percent:24.989507 > currentPercentage:24 = false
2020/04/29 19:07:28 percent:24.997901 > currentPercentage:24 = false
2020/04/29 19:07:29 Reached -> 25
2020/04/29 19:07:34 percent:25.014690 > currentPercentage:25 = false
2020/04/29 19:07:36 percent:25.023084 > currentPercentage:25 = false
2020/04/29 19:07:37 percent:25.031478 > currentPercentage:25 = false
2020/04/29 19:07:37 percent:25.039872 > currentPercentage:25 = false
2020/04/29 19:07:37 percent:25.048267 > currentPercentage:25 = false
2020/04/29 19:07:37 percent:25.056661 > currentPercentage:25 = false
2020/04/29 19:07:37 percent:25.065055 > currentPercentage:25 = false
2020/04/29 19:07:37 percent:25.073449 > currentPercentage:25 = false
2020/04/29 19:07:37 percent:25.081843 > currentPercentage:25 = false
2020/04/29 19:07:37 percent:25.090238 > currentPercentage:25 = false
2020/04/29 19:07:37 percent:25.098632 > currentPercentage:25 = false
2020/04/29 19:07:37 percent:25.107026 > currentPercentage:25 = false
2020/04/29 19:07:37 percent:25.115420 > currentPercentage:25 = false
2020/04/29 19:07:37 percent:25.123814 > currentPercentage:25 = false
2020/04/29 19:07:37 percent:25.132209 > currentPercentage:25 = false
2020/04/29 19:07:37 percent:25.140603 > currentPercentage:25 = false
2020/04/29 19:07:37 percent:25.148997 > currentPercentage:25 = false
2020/04/29 19:07:37 percent:25.157391 > currentPercentage:25 = false
2020/04/29 19:07:38 percent:25.148997 > currentPercentage:25 = false
2020/04/29 19:07:39 percent:25.140603 > currentPercentage:25 = false
2020/04/29 19:07:39 percent:25.132209 > currentPercentage:25 = false
2020/04/29 19:07:39 percent:25.123814 > currentPercentage:25 = false
2020/04/29 19:07:39 percent:25.115420 > currentPercentage:25 = false
2020/04/29 19:07:39 percent:25.107026 > currentPercentage:25 = false
2020/04/29 19:07:39 percent:25.098632 > currentPercentage:25 = false
2020/04/29 19:07:39 percent:25.090238 > currentPercentage:25 = false
2020/04/29 19:07:39 percent:25.081843 > currentPercentage:25 = false
2020/04/29 19:07:39 percent:25.073449 > currentPercentage:25 = false
2020/04/29 19:07:39 percent:25.065055 > currentPercentage:25 = false
2020/04/29 19:07:39 percent:25.056661 > currentPercentage:25 = false
2020/04/29 19:07:39 percent:25.048267 > currentPercentage:25 = false
2020/04/29 19:07:39 percent:25.039872 > currentPercentage:25 = false
2020/04/29 19:07:39 percent:25.031478 > currentPercentage:25 = false
2020/04/29 19:07:39 percent:25.023084 > currentPercentage:25 = false
2020/04/29 19:07:39 percent:25.014690 > currentPercentage:25 = false
2020/04/29 19:07:39 percent:25.006296 > currentPercentage:25 = false
2020/04/29 19:07:39 percent:24.997901 > currentPercentage:25 = false
2020/04/29 19:07:39 percent:24.989507 > currentPercentage:25 = false
2020/04/29 19:07:39 percent:24.981113 > currentPercentage:25 = false
2020/04/29 19:07:39 percent:24.972719 > currentPercentage:25 = false
2020/04/29 19:07:39 percent:24.964325 > currentPercentage:25 = false
2020/04/29 19:07:39 percent:24.955930 > currentPercentage:25 = false
2020/04/29 19:07:40 percent:24.947536 > currentPercentage:25 = false
2020/04/29 19:07:40 percent:24.939142 > currentPercentage:25 = false
2020/04/29 19:07:40 percent:24.930748 > currentPercentage:25 = false
2020/04/29 19:07:40 percent:24.922354 > currentPercentage:25 = false
2020/04/29 19:07:40 percent:24.913960 > currentPercentage:25 = false
2020/04/29 19:07:40 percent:24.905565 > currentPercentage:25 = false
2020/04/29 19:07:40 percent:24.897171 > currentPercentage:25 = false
2020/04/29 19:07:41 percent:24.905565 > currentPercentage:25 = false
2020/04/29 19:07:44 percent:24.913960 > currentPercentage:25 = false
2020/04/29 19:07:45 percent:24.922354 > currentPercentage:25 = false
2020/04/29 19:07:53 percent:24.930748 > currentPercentage:25 = false
2020/04/29 19:07:53 percent:24.939142 > currentPercentage:25 = false
2020/04/29 19:07:54 percent:24.947536 > currentPercentage:25 = false
2020/04/29 19:07:54 percent:24.955930 > currentPercentage:25 = false
2020/04/29 19:07:54 percent:24.964325 > currentPercentage:25 = false
2020/04/29 19:07:54 percent:24.972719 > currentPercentage:25 = false
2020/04/29 19:07:55 percent:24.981113 > currentPercentage:25 = false
2020/04/29 19:07:55 percent:24.989507 > currentPercentage:25 = false
2020/04/29 19:07:55 percent:24.997901 > currentPercentage:25 = false
2020/04/29 19:07:55 percent:25.006296 > currentPercentage:25 = false
2020/04/29 19:07:55 percent:25.014690 > currentPercentage:25 = false
2020/04/29 19:07:56 percent:25.023084 > currentPercentage:25 = false
2020/04/29 19:07:56 percent:25.031478 > currentPercentage:25 = false
2020/04/29 19:07:56 percent:25.039872 > currentPercentage:25 = false
2020/04/29 19:07:57 percent:25.048267 > currentPercentage:25 = false
2020/04/29 19:07:58 percent:25.056661 > currentPercentage:25 = false
2020/04/29 19:08:08 percent:25.065055 > currentPercentage:25 = false
2020/04/29 19:08:08 percent:25.073449 > currentPercentage:25 = false
2020/04/29 19:08:08 percent:25.081843 > currentPercentage:25 = false
2020/04/29 19:08:08 percent:25.090238 > currentPercentage:25 = false
2020/04/29 19:08:09 percent:25.098632 > currentPercentage:25 = false
2020/04/29 19:08:09 percent:25.107026 > currentPercentage:25 = false
2020/04/29 19:08:09 percent:25.115420 > currentPercentage:25 = false
2020/04/29 19:08:09 percent:25.123814 > currentPercentage:25 = false
2020/04/29 19:08:09 percent:25.132209 > currentPercentage:25 = false
2020/04/29 19:08:09 percent:25.140603 > currentPercentage:25 = false
2020/04/29 19:08:09 percent:25.148997 > currentPercentage:25 = false
2020/04/29 19:08:09 percent:25.157391 > currentPercentage:25 = false
2020/04/29 19:08:09 percent:25.165785 > currentPercentage:25 = false
2020/04/29 19:08:09 percent:25.174179 > currentPercentage:25 = false
2020/04/29 19:08:09 percent:25.182574 > currentPercentage:25 = false
2020/04/29 19:08:09 percent:25.190968 > currentPercentage:25 = false
2020/04/29 19:08:09 percent:25.199362 > currentPercentage:25 = false
2020/04/29 19:08:10 percent:25.207756 > currentPercentage:25 = false
2020/04/29 19:08:11 percent:25.216150 > currentPercentage:25 = false
2020/04/29 19:08:11 percent:25.224545 > currentPercentage:25 = false
2020/04/29 19:08:11 percent:25.232939 > currentPercentage:25 = false
2020/04/29 19:08:11 percent:25.241333 > currentPercentage:25 = false
2020/04/29 19:08:11 percent:25.249727 > currentPercentage:25 = false
2020/04/29 19:08:11 percent:25.258121 > currentPercentage:25 = false
2020/04/29 19:08:11 percent:25.266516 > currentPercentage:25 = false
2020/04/29 19:08:11 percent:25.274910 > currentPercentage:25 = false
2020/04/29 19:08:11 percent:25.283304 > currentPercentage:25 = false
2020/04/29 19:08:11 percent:25.291698 > currentPercentage:25 = false
2020/04/29 19:08:11 percent:25.300092 > currentPercentage:25 = false
2020/04/29 19:08:11 percent:25.308487 > currentPercentage:25 = false
2020/04/29 19:08:11 percent:25.316881 > currentPercentage:25 = false
2020/04/29 19:08:11 percent:25.325275 > currentPercentage:25 = false
2020/04/29 19:08:11 percent:25.333669 > currentPercentage:25 = false
2020/04/29 19:08:11 percent:25.342063 > currentPercentage:25 = false
2020/04/29 19:08:11 percent:25.350457 > currentPercentage:25 = false
2020/04/29 19:08:11 percent:25.358852 > currentPercentage:25 = false
2020/04/29 19:08:11 percent:25.367246 > currentPercentage:25 = false
2020/04/29 19:08:11 percent:25.375640 > currentPercentage:25 = false
2020/04/29 19:08:11 percent:25.384034 > currentPercentage:25 = false
2020/04/29 19:08:11 percent:25.392428 > currentPercentage:25 = false
2020/04/29 19:08:11 percent:25.400823 > currentPercentage:25 = false
2020/04/29 19:08:11 percent:25.409217 > currentPercentage:25 = false
2020/04/29 19:08:11 percent:25.417611 > currentPercentage:25 = false
2020/04/29 19:08:11 percent:25.426005 > currentPercentage:25 = false
2020/04/29 19:08:12 percent:25.434399 > currentPercentage:25 = false
2020/04/29 19:08:12 percent:25.442794 > currentPercentage:25 = false
2020/04/29 19:08:12 percent:25.451188 > currentPercentage:25 = false
2020/04/29 19:08:12 percent:25.459582 > currentPercentage:25 = false
2020/04/29 19:08:12 percent:25.467976 > currentPercentage:25 = false
2020/04/29 19:08:12 percent:25.476370 > currentPercentage:25 = false
2020/04/29 19:08:12 percent:25.484765 > currentPercentage:25 = false
2020/04/29 19:08:12 percent:25.493159 > currentPercentage:25 = false
2020/04/29 19:08:12 percent:25.501553 > currentPercentage:25 = false
2020/04/29 19:08:12 percent:25.509947 > currentPercentage:25 = false
2020/04/29 19:08:12 percent:25.518341 > currentPercentage:25 = false
2020/04/29 19:08:12 percent:25.526735 > currentPercentage:25 = false
2020/04/29 19:08:12 percent:25.535130 > currentPercentage:25 = false
2020/04/29 19:08:12 percent:25.543524 > currentPercentage:25 = false
2020/04/29 19:08:12 percent:25.551918 > currentPercentage:25 = false
2020/04/29 19:08:13 percent:25.560312 > currentPercentage:25 = false
2020/04/29 19:08:14 percent:25.568706 > currentPercentage:25 = false
2020/04/29 19:08:14 percent:25.577101 > currentPercentage:25 = false
2020/04/29 19:08:14 percent:25.585495 > currentPercentage:25 = false
2020/04/29 19:08:14 percent:25.593889 > currentPercentage:25 = false
2020/04/29 19:08:14 percent:25.602283 > currentPercentage:25 = false
2020/04/29 19:08:14 percent:25.610677 > currentPercentage:25 = false
2020/04/29 19:08:14 percent:25.619072 > currentPercentage:25 = false
2020/04/29 19:08:14 percent:25.627466 > currentPercentage:25 = false
2020/04/29 19:08:14 percent:25.635860 > currentPercentage:25 = false
2020/04/29 19:08:14 percent:25.644254 > currentPercentage:25 = false
2020/04/29 19:08:14 percent:25.652648 > currentPercentage:25 = false
2020/04/29 19:08:14 percent:25.661043 > currentPercentage:25 = false
2020/04/29 19:08:14 percent:25.669437 > currentPercentage:25 = false
2020/04/29 19:08:14 percent:25.677831 > currentPercentage:25 = false
2020/04/29 19:08:14 percent:25.686225 > currentPercentage:25 = false
2020/04/29 19:08:14 percent:25.694619 > currentPercentage:25 = false
2020/04/29 19:08:14 percent:25.703014 > currentPercentage:25 = false
2020/04/29 19:08:14 percent:25.711408 > currentPercentage:25 = false
2020/04/29 19:08:14 percent:25.719802 > currentPercentage:25 = false
2020/04/29 19:08:14 percent:25.728196 > currentPercentage:25 = false
2020/04/29 19:08:14 percent:25.736590 > currentPercentage:25 = false
2020/04/29 19:08:14 percent:25.744984 > currentPercentage:25 = false
2020/04/29 19:08:14 percent:25.753379 > currentPercentage:25 = false
2020/04/29 19:08:14 percent:25.761773 > currentPercentage:25 = false
2020/04/29 19:08:14 percent:25.770167 > currentPercentage:25 = false
2020/04/29 19:08:14 percent:25.778561 > currentPercentage:25 = false
2020/04/29 19:08:14 percent:25.786955 > currentPercentage:25 = false
2020/04/29 19:08:14 percent:25.795350 > currentPercentage:25 = false
2020/04/29 19:08:14 percent:25.803744 > currentPercentage:25 = false
2020/04/29 19:08:17 percent:25.812138 > currentPercentage:25 = false
2020/04/29 19:08:17 percent:25.820532 > currentPercentage:25 = false
2020/04/29 19:08:17 percent:25.828926 > currentPercentage:25 = false
2020/04/29 19:08:17 percent:25.837321 > currentPercentage:25 = false
2020/04/29 19:08:17 percent:25.845715 > currentPercentage:25 = false
2020/04/29 19:08:17 percent:25.854109 > currentPercentage:25 = false
2020/04/29 19:08:28 percent:25.862503 > currentPercentage:25 = false
2020/04/29 19:08:29 percent:25.870897 > currentPercentage:25 = false
2020/04/29 19:08:30 percent:25.879292 > currentPercentage:25 = false
2020/04/29 19:08:36 percent:25.887686 > currentPercentage:25 = false
2020/04/29 19:08:38 percent:25.896080 > currentPercentage:25 = false
2020/04/29 19:08:39 percent:25.904474 > currentPercentage:25 = false
2020/04/29 19:08:40 percent:25.912868 > currentPercentage:25 = false
2020/04/29 19:08:41 percent:25.921262 > currentPercentage:25 = false
2020/04/29 19:08:48 percent:25.929657 > currentPercentage:25 = false
2020/04/29 19:11:19 percent:25.938051 > currentPercentage:25 = false
2020/04/29 19:11:20 percent:25.946445 > currentPercentage:25 = false
2020/04/29 19:11:20 percent:25.954839 > currentPercentage:25 = false
2020/04/29 19:11:21 percent:25.963233 > currentPercentage:25 = false
2020/04/29 19:11:21 percent:25.971628 > currentPercentage:25 = false
2020/04/29 19:11:22 percent:25.980022 > currentPercentage:25 = false
2020/04/29 19:11:22 percent:25.988416 > currentPercentage:25 = false
2020/04/29 19:11:23 percent:25.996810 > currentPercentage:25 = false
2020/04/29 19:11:24 Reached -> 26
2020/04/29 19:11:25 percent:26.013599 > currentPercentage:26 = false
2020/04/29 20:23:55 Logging to a file in Go!
2020/04/29 20:23:55 percent:24.007387 > currentPercentage:24 = false
2020/04/29 20:24:45 Logging to a file in Go!
2020/04/29 20:24:45 percent:24.007387 > currentPercentage:24 = false
2020/04/29 20:30:14 Logging to a file in Go!
2020/04/29 20:30:14 percent:24.007387 > currentPercentage:24 = false
2020/04/29 20:30:20 percent:24.015781 > currentPercentage:24 = false
2020/04/29 20:30:22 percent:24.024175 > currentPercentage:24 = false
2020/04/29 20:30:27 percent:24.032569 > currentPercentage:24 = false
2020/04/29 20:30:28 percent:24.040964 > currentPercentage:24 = false
2020/04/29 20:30:29 percent:24.040964 > currentPercentage:24 = false
2020/04/29 20:30:29 percent:24.049358 > currentPercentage:24 = false
2020/04/29 20:30:30 percent:24.049358 > currentPercentage:24 = false
2020/04/29 20:30:31 percent:24.049358 > currentPercentage:24 = false
2020/04/29 20:30:31 percent:24.057752 > currentPercentage:24 = false
2020/04/29 20:30:31 percent:24.057752 > currentPercentage:24 = false
2020/04/29 20:48:21 percent:24.066146 > currentPercentage:24 = false
2020/04/29 20:48:22 percent:24.074540 > currentPercentage:24 = false
2020/04/29 20:48:22 percent:24.082935 > currentPercentage:24 = false
2020/04/29 20:48:22 percent:24.091329 > currentPercentage:24 = false
2020/04/29 20:48:22 percent:24.099723 > currentPercentage:24 = false
2020/04/29 20:48:22 percent:24.108117 > currentPercentage:24 = false
2020/04/29 20:48:22 percent:24.116511 > currentPercentage:24 = false
2020/04/29 20:48:23 percent:24.124906 > currentPercentage:24 = false
2020/04/29 20:48:23 percent:24.133300 > currentPercentage:24 = false
2020/04/29 20:48:23 percent:24.141694 > currentPercentage:24 = false
2020/04/29 20:48:23 percent:24.141694 > currentPercentage:24 = false
2020/04/29 20:48:23 percent:24.150088 > currentPercentage:24 = false
2020/04/29 20:48:23 percent:24.158482 > currentPercentage:24 = false
2020/04/29 20:48:23 percent:24.166877 > currentPercentage:24 = false
2020/04/29 20:48:24 percent:24.175271 > currentPercentage:24 = false
2020/04/29 20:48:24 percent:24.183665 > currentPercentage:24 = false
2020/04/29 20:48:24 percent:24.192059 > currentPercentage:24 = false
2020/04/29 20:48:24 percent:24.200453 > currentPercentage:24 = false
2020/04/29 20:48:24 percent:24.208847 > currentPercentage:24 = false
2020/04/29 20:48:24 percent:24.217242 > currentPercentage:24 = false
2020/04/29 20:48:25 percent:24.225636 > currentPercentage:24 = false
2020/04/29 20:48:25 percent:24.234030 > currentPercentage:24 = false
2020/04/29 20:48:25 percent:24.242424 > currentPercentage:24 = false
2020/04/29 20:48:25 percent:24.250818 > currentPercentage:24 = false
2020/04/29 20:48:25 percent:24.259213 > currentPercentage:24 = false
2020/04/29 20:48:26 percent:24.259213 > currentPercentage:24 = false
2020/04/29 20:48:27 percent:24.259213 > currentPercentage:24 = false
2020/04/29 20:48:27 percent:24.267607 > currentPercentage:24 = false
2020/04/29 20:48:27 percent:24.267607 > currentPercentage:24 = false
2020/04/29 20:48:29 percent:24.267607 > currentPercentage:24 = false
2020/04/29 20:48:29 percent:24.276001 > currentPercentage:24 = false
2020/04/29 20:48:29 percent:24.276001 > currentPercentage:24 = false
